INFO:apscheduler.scheduler:Scheduler started
INFO:telegram.ext.updater:Received signal 2 (SIGINT), stopping...
INFO:apscheduler.scheduler:Scheduler has been shut down
INFO:apscheduler.scheduler:Scheduler started
INFO:telegram.ext.updater:Received signal 2 (SIGINT), stopping...
INFO:apscheduler.scheduler:Scheduler has been shut down
WARNING:telegram.ext.updater:Exiting immediately!
INFO:apscheduler.scheduler:Scheduler started
ERROR:telegram.ext.dispatcher:No error handlers are registered, logging exception.
Traceback (most recent call last):
  File "C:\Users\smirn\AppData\Local\Programs\Python\Python39-32\lib\site-packages\telegram\ext\dispatcher.py", line 425, in process_update
    handler.handle_update(update, self, check, context)
  File "C:\Users\smirn\AppData\Local\Programs\Python\Python39-32\lib\site-packages\telegram\ext\handler.py", line 145, in handle_update
    return self.callback(update, context)
  File "C:\Bot_Python\bot.py", line 7, in greet_user
    print(1/0)
ZeroDivisionError: division by zero
INFO:telegram.ext.updater:Received signal 2 (SIGINT), stopping...
INFO:apscheduler.scheduler:Scheduler has been shut down
WARNING:telegram.ext.updater:Exiting immediately!
INFO:root:Бот стартовал
INFO:apscheduler.scheduler:Scheduler started
ERROR:telegram.ext.dispatcher:No error handlers are registered, logging exception.
Traceback (most recent call last):
  File "C:\Users\smirn\AppData\Local\Programs\Python\Python39-32\lib\site-packages\telegram\ext\dispatcher.py", line 425, in process_update
    handler.handle_update(update, self, check, context)
  File "C:\Users\smirn\AppData\Local\Programs\Python\Python39-32\lib\site-packages\telegram\ext\handler.py", line 145, in handle_update
    return self.callback(update, context)
  File "C:\Bot_Python\bot.py", line 7, in greet_user
    print(1/0)
ZeroDivisionError: division by zero
INFO:telegram.ext.updater:Received signal 2 (SIGINT), stopping...
INFO:apscheduler.scheduler:Scheduler has been shut down
WARNING:telegram.ext.updater:Exiting immediately!
INFO:root:Бот стартовал
INFO:apscheduler.scheduler:Scheduler started
INFO:telegram.ext.updater:Received signal 2 (SIGINT), stopping...
INFO:apscheduler.scheduler:Scheduler has been shut down
WARNING:telegram.ext.updater:Exiting immediately!
INFO:root:Бот стартовал
INFO:apscheduler.scheduler:Scheduler started
INFO:telegram.ext.updater:Received signal 2 (SIGINT), stopping...
INFO:apscheduler.scheduler:Scheduler has been shut down
WARNING:telegram.ext.updater:Exiting immediately!
INFO:root:Бот стартовал
INFO:apscheduler.scheduler:Scheduler started
ERROR:telegram.ext.dispatcher:No error handlers are registered, logging exception.
Traceback (most recent call last):
  File "C:\Users\smirn\AppData\Local\Programs\Python\Python39-32\lib\site-packages\telegram\ext\dispatcher.py", line 425, in process_update
    handler.handle_update(update, self, check, context)
  File "C:\Users\smirn\AppData\Local\Programs\Python\Python39-32\lib\site-packages\telegram\ext\handler.py", line 145, in handle_update
    return self.callback(update, context)
  File "C:\Bot_Python\bot.py", line 7, in greet_user
    print(1/0)
ZeroDivisionError: division by zero
ERROR:telegram.ext.dispatcher:No error handlers are registered, logging exception.
Traceback (most recent call last):
  File "C:\Users\smirn\AppData\Local\Programs\Python\Python39-32\lib\site-packages\telegram\ext\dispatcher.py", line 425, in process_update
    handler.handle_update(update, self, check, context)
  File "C:\Users\smirn\AppData\Local\Programs\Python\Python39-32\lib\site-packages\telegram\ext\handler.py", line 145, in handle_update
    return self.callback(update, context)
  File "C:\Bot_Python\bot.py", line 7, in greet_user
    print(update) # написать в консоле
ZeroDivisionError: division by zero
INFO:telegram.ext.updater:Received signal 2 (SIGINT), stopping...
INFO:apscheduler.scheduler:Scheduler has been shut down
WARNING:telegram.ext.updater:Exiting immediately!
INFO:root:Бот стартовал
INFO:apscheduler.scheduler:Scheduler started
INFO:telegram.ext.updater:Received signal 2 (SIGINT), stopping...
INFO:apscheduler.scheduler:Scheduler has been shut down
WARNING:telegram.ext.updater:Exiting immediately!
INFO:root:Бот стартовал
INFO:apscheduler.scheduler:Scheduler started
INFO:telegram.ext.updater:Received signal 2 (SIGINT), stopping...
INFO:apscheduler.scheduler:Scheduler has been shut down
WARNING:telegram.ext.updater:Exiting immediately!
INFO:root:Бот стартовал
INFO:apscheduler.scheduler:Scheduler started
INFO:telegram.ext.updater:Received signal 2 (SIGINT), stopping...
INFO:apscheduler.scheduler:Scheduler has been shut down
WARNING:telegram.ext.updater:Exiting immediately!
INFO:root:Бот стартовал
INFO:apscheduler.scheduler:Scheduler started
INFO:telegram.ext.updater:Received signal 2 (SIGINT), stopping...
INFO:apscheduler.scheduler:Scheduler has been shut down
INFO:root:Бот стартовал
INFO:apscheduler.scheduler:Scheduler started
INFO:telegram.ext.updater:Received signal 2 (SIGINT), stopping...
INFO:apscheduler.scheduler:Scheduler has been shut down
WARNING:telegram.ext.updater:Exiting immediately!
